<?xml version="1.0" encoding="UTF-8"?>
<testsuite name="DragonCaveTest" tests="1" skipped="0" failures="0" errors="0" timestamp="2022-04-07T18:58:35" hostname="Felixs-MBP" time="0.015">
  <properties/>
  <testcase name="getAnswer()" classname="DragonCaveTest" time="0.015"/>
  <system-out><![CDATA[No errors were found. Tests completed...
]]></system-out>
  <system-err><![CDATA[]]></system-err>
</testsuite>
