<?xml version="1.0" encoding="UTF-8"?>
<testsuite name="GoblinTest" tests="5" skipped="0" failures="0" errors="0" timestamp="2022-05-02T00:49:15" hostname="Felixs-MBP" time="0.027">
  <properties/>
  <testcase name="getStrength()" classname="GoblinTest" time="0.018"/>
  <testcase name="getIcon()" classname="GoblinTest" time="0.002"/>
  <testcase name="getName()" classname="GoblinTest" time="0.002"/>
  <testcase name="getCoords()" classname="GoblinTest" time="0.001"/>
  <testcase name="getHealth()" classname="GoblinTest" time="0.001"/>
  <system-out><![CDATA[All tests completed. No errors were found
]]></system-out>
  <system-err><![CDATA[]]></system-err>
</testsuite>
