<?xml version="1.0" encoding="UTF-8"?>
<testsuite name="HangmanTest" tests="3" skipped="0" failures="0" errors="0" timestamp="2022-05-05T19:11:43" hostname="Felixs-MBP" time="0.017">
  <properties/>
  <testcase name="getMissedLetters()" classname="HangmanTest" time="0.015"/>
  <testcase name="getWordToGuess()" classname="HangmanTest" time="0.0"/>
  <testcase name="getLettersLeft()" classname="HangmanTest" time="0.0"/>
  <system-out><![CDATA[All tests completed. No errors were found...
]]></system-out>
  <system-err><![CDATA[]]></system-err>
</testsuite>
